;  LST file generated by mikroListExporter - v.2.0 
; Date/Time: 9/12/2023 7:13:00 p. m.
;----------------------------------------------

;Address Opcode 	ASM
0x0000	0x29E7      	GOTO       487
_Delay_1us:
;__Lib_Delays.c,7 :: 		void Delay_1us() {
;__Lib_Delays.c,8 :: 		Delay_us(1);
0x0003	0x0000      	NOP
0x0004	0x0000      	NOP
;__Lib_Delays.c,9 :: 		}
L_end_Delay_1us:
0x0005	0x0008      	RETURN
; end of _Delay_1us
_Delay_50us:
;__Lib_Delays.c,19 :: 		void Delay_50us() {
;__Lib_Delays.c,20 :: 		Delay_us(50);
0x0006	0x3021      	MOVLW      33
0x0007	0x1283      	BCF        STATUS, 5
0x0008	0x1303      	BCF        STATUS, 6
0x0009	0x00FD      	MOVWF      R13
L_Delay_50us2:
0x000A	0x0BFD      	DECFSZ     R13, 1
0x000B	0x280A      	GOTO       L_Delay_50us2
;__Lib_Delays.c,21 :: 		}
L_end_Delay_50us:
0x000C	0x0008      	RETURN
; end of _Delay_50us
_Delay_5500us:
;__Lib_Delays.c,31 :: 		void Delay_5500us() {
;__Lib_Delays.c,32 :: 		Delay_us(5500);
0x000D	0x300F      	MOVLW      15
0x000E	0x1283      	BCF        STATUS, 5
0x000F	0x1303      	BCF        STATUS, 6
0x0010	0x00FC      	MOVWF      R12
0x0011	0x3047      	MOVLW      71
0x0012	0x00FD      	MOVWF      R13
L_Delay_5500us5:
0x0013	0x0BFD      	DECFSZ     R13, 1
0x0014	0x2813      	GOTO       L_Delay_5500us5
0x0015	0x0BFC      	DECFSZ     R12, 1
0x0016	0x2813      	GOTO       L_Delay_5500us5
0x0017	0x0000      	NOP
0x0018	0x0000      	NOP
;__Lib_Delays.c,33 :: 		}
L_end_Delay_5500us:
0x0019	0x0008      	RETURN
; end of _Delay_5500us
_Div_16X16_U:
;__Lib_Math.c,215 :: 		
;__Lib_Math.c,222 :: 		
0x001A	0x1283      	BCF        STATUS, 5
;__Lib_Math.c,223 :: 		
0x001B	0x1303      	BCF        STATUS, 6
;__Lib_Math.c,224 :: 		
0x001C	0x01F8      	CLRF       R8
;__Lib_Math.c,225 :: 		
0x001D	0x01F9      	CLRF       R9
;__Lib_Math.c,226 :: 		
0x001E	0x3010      	MOVLW      16
;__Lib_Math.c,227 :: 		
0x001F	0x00FC      	MOVWF      R12
;__Lib_Math.c,228 :: 		
0x0020	0x0D71      	RLF        R1, 0
;__Lib_Math.c,229 :: 		
0x0021	0x0DF8      	RLF        R8, 1
;__Lib_Math.c,230 :: 		
0x0022	0x0DF9      	RLF        R9, 1
;__Lib_Math.c,231 :: 		
0x0023	0x0874      	MOVF       R4, 0
;__Lib_Math.c,232 :: 		
0x0024	0x02F8      	SUBWF      R8, 1
;__Lib_Math.c,233 :: 		
0x0025	0x0875      	MOVF       R5, 0
;__Lib_Math.c,234 :: 		
0x0026	0x1C03      	BTFSS      STATUS, 0
;__Lib_Math.c,235 :: 		
0x0027	0x0F75      	INCFSZ     R5, 0
;__Lib_Math.c,236 :: 		
0x0028	0x02F9      	SUBWF      R9, 1
;__Lib_Math.c,237 :: 		
0x0029	0x1803      	BTFSC      STATUS, 0
;__Lib_Math.c,238 :: 		
0x002A	0x2832      	GOTO       $+8
;__Lib_Math.c,239 :: 		
0x002B	0x0874      	MOVF       R4, 0
;__Lib_Math.c,240 :: 		
0x002C	0x07F8      	ADDWF      R8, 1
;__Lib_Math.c,241 :: 		
0x002D	0x0875      	MOVF       R5, 0
;__Lib_Math.c,242 :: 		
0x002E	0x1803      	BTFSC      STATUS, 0
;__Lib_Math.c,243 :: 		
0x002F	0x0F75      	INCFSZ     R5, 0
;__Lib_Math.c,244 :: 		
0x0030	0x07F9      	ADDWF      R9, 1
;__Lib_Math.c,245 :: 		
0x0031	0x1003      	BCF        STATUS, 0
;__Lib_Math.c,246 :: 		
0x0032	0x0DF0      	RLF        R0, 1
;__Lib_Math.c,247 :: 		
0x0033	0x0DF1      	RLF        R1, 1
;__Lib_Math.c,248 :: 		
0x0034	0x0BFC      	DECFSZ     R12, 1
;__Lib_Math.c,249 :: 		
0x0035	0x2820      	GOTO       $-21
;__Lib_Math.c,251 :: 		
L_end_Div_16X16_U:
0x0036	0x0008      	RETURN
; end of _Div_16X16_U
_Lcd_Cmd:
;__Lib_Lcd.c,18 :: 		
;__Lib_Lcd.c,20 :: 		
0x0037	0x1683      	BSF        STATUS, 5
0x0038	0x1303      	BCF        STATUS, 6
0x0039	0x1BDF      	BTFSC      FARG_Lcd_Cmd_out_char, 7
0x003A	0x283E      	GOTO       L__Lcd_Cmd21
0x003B	0x1283      	BCF        STATUS, 5
0x003C	0x1188      	BCF        LCD_D7, BitPos(LCD_D7+0)
0x003D	0x2840      	GOTO       L__Lcd_Cmd22
L__Lcd_Cmd21:
0x003E	0x1283      	BCF        STATUS, 5
0x003F	0x1588      	BSF        LCD_D7, BitPos(LCD_D7+0)
L__Lcd_Cmd22:
;__Lib_Lcd.c,21 :: 		
0x0040	0x1683      	BSF        STATUS, 5
0x0041	0x1B5F      	BTFSC      FARG_Lcd_Cmd_out_char, 6
0x0042	0x2846      	GOTO       L__Lcd_Cmd23
0x0043	0x1283      	BCF        STATUS, 5
0x0044	0x1108      	BCF        LCD_D6, BitPos(LCD_D6+0)
0x0045	0x2848      	GOTO       L__Lcd_Cmd24
L__Lcd_Cmd23:
0x0046	0x1283      	BCF        STATUS, 5
0x0047	0x1508      	BSF        LCD_D6, BitPos(LCD_D6+0)
L__Lcd_Cmd24:
;__Lib_Lcd.c,22 :: 		
0x0048	0x1683      	BSF        STATUS, 5
0x0049	0x1ADF      	BTFSC      FARG_Lcd_Cmd_out_char, 5
0x004A	0x284E      	GOTO       L__Lcd_Cmd25
0x004B	0x1283      	BCF        STATUS, 5
0x004C	0x1088      	BCF        LCD_D5, BitPos(LCD_D5+0)
0x004D	0x2850      	GOTO       L__Lcd_Cmd26
L__Lcd_Cmd25:
0x004E	0x1283      	BCF        STATUS, 5
0x004F	0x1488      	BSF        LCD_D5, BitPos(LCD_D5+0)
L__Lcd_Cmd26:
;__Lib_Lcd.c,23 :: 		
0x0050	0x1683      	BSF        STATUS, 5
0x0051	0x1A5F      	BTFSC      FARG_Lcd_Cmd_out_char, 4
0x0052	0x2856      	GOTO       L__Lcd_Cmd27
0x0053	0x1283      	BCF        STATUS, 5
0x0054	0x1008      	BCF        LCD_D4, BitPos(LCD_D4+0)
0x0055	0x2858      	GOTO       L__Lcd_Cmd28
L__Lcd_Cmd27:
0x0056	0x1283      	BCF        STATUS, 5
0x0057	0x1408      	BSF        LCD_D4, BitPos(LCD_D4+0)
L__Lcd_Cmd28:
;__Lib_Lcd.c,25 :: 		
0x0058	0x186F      	BTFSC      __Lib_Lcd_cmd_status, BitPos(__Lib_Lcd_cmd_status+0)
0x0059	0x285C      	GOTO       L__Lcd_Cmd29
0x005A	0x1608      	BSF        LCD_RS, BitPos(LCD_RS+0)
0x005B	0x285D      	GOTO       L__Lcd_Cmd30
L__Lcd_Cmd29:
0x005C	0x1208      	BCF        LCD_RS, BitPos(LCD_RS+0)
L__Lcd_Cmd30:
;__Lib_Lcd.c,28 :: 		
0x005D	0x1688      	BSF        LCD_EN, BitPos(LCD_EN+0)
;__Lib_Lcd.c,29 :: 		
0x005E	0x2003      	CALL       _Delay_1us
;__Lib_Lcd.c,30 :: 		
0x005F	0x1288      	BCF        LCD_EN, BitPos(LCD_EN+0)
;__Lib_Lcd.c,33 :: 		
0x0060	0x1683      	BSF        STATUS, 5
0x0061	0x19DF      	BTFSC      FARG_Lcd_Cmd_out_char, 3
0x0062	0x2866      	GOTO       L__Lcd_Cmd31
0x0063	0x1283      	BCF        STATUS, 5
0x0064	0x1188      	BCF        LCD_D7, BitPos(LCD_D7+0)
0x0065	0x2868      	GOTO       L__Lcd_Cmd32
L__Lcd_Cmd31:
0x0066	0x1283      	BCF        STATUS, 5
0x0067	0x1588      	BSF        LCD_D7, BitPos(LCD_D7+0)
L__Lcd_Cmd32:
;__Lib_Lcd.c,34 :: 		
0x0068	0x1683      	BSF        STATUS, 5
0x0069	0x195F      	BTFSC      FARG_Lcd_Cmd_out_char, 2
0x006A	0x286E      	GOTO       L__Lcd_Cmd33
0x006B	0x1283      	BCF        STATUS, 5
0x006C	0x1108      	BCF        LCD_D6, BitPos(LCD_D6+0)
0x006D	0x2870      	GOTO       L__Lcd_Cmd34
L__Lcd_Cmd33:
0x006E	0x1283      	BCF        STATUS, 5
0x006F	0x1508      	BSF        LCD_D6, BitPos(LCD_D6+0)
L__Lcd_Cmd34:
;__Lib_Lcd.c,35 :: 		
0x0070	0x1683      	BSF        STATUS, 5
0x0071	0x18DF      	BTFSC      FARG_Lcd_Cmd_out_char, 1
0x0072	0x2876      	GOTO       L__Lcd_Cmd35
0x0073	0x1283      	BCF        STATUS, 5
0x0074	0x1088      	BCF        LCD_D5, BitPos(LCD_D5+0)
0x0075	0x2878      	GOTO       L__Lcd_Cmd36
L__Lcd_Cmd35:
0x0076	0x1283      	BCF        STATUS, 5
0x0077	0x1488      	BSF        LCD_D5, BitPos(LCD_D5+0)
L__Lcd_Cmd36:
;__Lib_Lcd.c,36 :: 		
0x0078	0x1683      	BSF        STATUS, 5
0x0079	0x185F      	BTFSC      FARG_Lcd_Cmd_out_char, 0
0x007A	0x287E      	GOTO       L__Lcd_Cmd37
0x007B	0x1283      	BCF        STATUS, 5
0x007C	0x1008      	BCF        LCD_D4, BitPos(LCD_D4+0)
0x007D	0x2880      	GOTO       L__Lcd_Cmd38
L__Lcd_Cmd37:
0x007E	0x1283      	BCF        STATUS, 5
0x007F	0x1408      	BSF        LCD_D4, BitPos(LCD_D4+0)
L__Lcd_Cmd38:
;__Lib_Lcd.c,38 :: 		
0x0080	0x186F      	BTFSC      __Lib_Lcd_cmd_status, BitPos(__Lib_Lcd_cmd_status+0)
0x0081	0x2884      	GOTO       L__Lcd_Cmd39
0x0082	0x1608      	BSF        LCD_RS, BitPos(LCD_RS+0)
0x0083	0x2885      	GOTO       L__Lcd_Cmd40
L__Lcd_Cmd39:
0x0084	0x1208      	BCF        LCD_RS, BitPos(LCD_RS+0)
L__Lcd_Cmd40:
;__Lib_Lcd.c,40 :: 		
0x0085	0x1688      	BSF        LCD_EN, BitPos(LCD_EN+0)
;__Lib_Lcd.c,41 :: 		
0x0086	0x2003      	CALL       _Delay_1us
;__Lib_Lcd.c,42 :: 		
0x0087	0x1288      	BCF        LCD_EN, BitPos(LCD_EN+0)
;__Lib_Lcd.c,44 :: 		
0x0088	0x1C6F      	BTFSS      __Lib_Lcd_cmd_status, BitPos(__Lib_Lcd_cmd_status+0)
0x0089	0x288C      	GOTO       L_Lcd_Cmd0
;__Lib_Lcd.c,45 :: 		
0x008A	0x200D      	CALL       _Delay_5500us
0x008B	0x288D      	GOTO       L_Lcd_Cmd1
L_Lcd_Cmd0:
;__Lib_Lcd.c,47 :: 		
0x008C	0x2006      	CALL       _Delay_50us
L_Lcd_Cmd1:
;__Lib_Lcd.c,48 :: 		
L_end_Lcd_Cmd:
0x008D	0x0008      	RETURN
; end of _Lcd_Cmd
_Lcd_Chr_CP:
;__Lib_Lcd.c,50 :: 		
;__Lib_Lcd.c,52 :: 		
0x008E	0x1283      	BCF        STATUS, 5
0x008F	0x1303      	BCF        STATUS, 6
0x0090	0x106F      	BCF        __Lib_Lcd_cmd_status, BitPos(__Lib_Lcd_cmd_status+0)
;__Lib_Lcd.c,53 :: 		
0x0091	0x1683      	BSF        STATUS, 5
0x0092	0x085A      	MOVF       FARG_Lcd_Chr_CP_out_char, 0
0x0093	0x00DF      	MOVWF      FARG_Lcd_Cmd_out_char
0x0094	0x2037      	CALL       _Lcd_Cmd
;__Lib_Lcd.c,54 :: 		
0x0095	0x146F      	BSF        __Lib_Lcd_cmd_status, BitPos(__Lib_Lcd_cmd_status+0)
;__Lib_Lcd.c,55 :: 		
L_end_Lcd_Chr_CP:
0x0096	0x0008      	RETURN
; end of _Lcd_Chr_CP
_____DoICP:
;__Lib_System.c,6 :: 		
;__Lib_System.c,9 :: 		
0x0097	0x1683      	BSF        STATUS, 5
0x0098	0x1303      	BCF        STATUS, 6
0x0099	0x0841      	MOVF       ___DoICPAddr+1, 0
0x009A	0x008A      	MOVWF      PCLATH
;__Lib_System.c,10 :: 		
0x009B	0x0840      	MOVF       ___DoICPAddr, 0
0x009C	0x0082      	MOVWF      PCL
;__Lib_System.c,12 :: 		
L_end_____DoICP:
0x009D	0x0008      	RETURN
; end of _____DoICP
_WordToStr:
;__Lib_Conversions.c,98 :: 		
;__Lib_Conversions.c,103 :: 		
0x009E	0x1683      	BSF        STATUS, 5
0x009F	0x1303      	BCF        STATUS, 6
0x00A0	0x01DD      	CLRF       WordToStr_len_L0
L_WordToStr11:
0x00A1	0x3005      	MOVLW      5
0x00A2	0x025D      	SUBWF      WordToStr_len_L0, 0
0x00A3	0x1803      	BTFSC      STATUS, 0
0x00A4	0x28AC      	GOTO       L_WordToStr12
;__Lib_Conversions.c,104 :: 		
0x00A5	0x085D      	MOVF       WordToStr_len_L0, 0
0x00A6	0x075C      	ADDWF      FARG_WordToStr_output, 0
0x00A7	0x0084      	MOVWF      FSR
0x00A8	0x3020      	MOVLW      32
0x00A9	0x0080      	MOVWF      INDF
;__Lib_Conversions.c,103 :: 		
0x00AA	0x0ADD      	INCF       WordToStr_len_L0, 1
;__Lib_Conversions.c,104 :: 		
0x00AB	0x28A1      	GOTO       L_WordToStr11
L_WordToStr12:
;__Lib_Conversions.c,105 :: 		
0x00AC	0x085D      	MOVF       WordToStr_len_L0, 0
0x00AD	0x075C      	ADDWF      FARG_WordToStr_output, 0
0x00AE	0x0084      	MOVWF      FSR
0x00AF	0x0180      	CLRF       INDF
0x00B0	0x03DD      	DECF       WordToStr_len_L0, 1
;__Lib_Conversions.c,107 :: 		
L_WordToStr14:
;__Lib_Conversions.c,108 :: 		
0x00B1	0x085D      	MOVF       WordToStr_len_L0, 0
0x00B2	0x075C      	ADDWF      FARG_WordToStr_output, 0
0x00B3	0x00DE      	MOVWF      FLOC__WordToStr
0x00B4	0x300A      	MOVLW      10
0x00B5	0x00F4      	MOVWF      R4
0x00B6	0x01F5      	CLRF       R4+1
0x00B7	0x085A      	MOVF       FARG_WordToStr_input, 0
0x00B8	0x00F0      	MOVWF      R0
0x00B9	0x085B      	MOVF       FARG_WordToStr_input+1, 0
0x00BA	0x00F1      	MOVWF      R0+1
0x00BB	0x201A      	CALL       _Div_16X16_U
0x00BC	0x0878      	MOVF       R8, 0
0x00BD	0x00F0      	MOVWF      R0
0x00BE	0x0879      	MOVF       R8+1, 0
0x00BF	0x00F1      	MOVWF      R0+1
0x00C0	0x3030      	MOVLW      48
0x00C1	0x07F0      	ADDWF      R0, 1
0x00C2	0x1683      	BSF        STATUS, 5
0x00C3	0x085E      	MOVF       FLOC__WordToStr, 0
0x00C4	0x0084      	MOVWF      FSR
0x00C5	0x0870      	MOVF       R0, 0
0x00C6	0x0080      	MOVWF      INDF
;__Lib_Conversions.c,109 :: 		
0x00C7	0x300A      	MOVLW      10
0x00C8	0x00F4      	MOVWF      R4
0x00C9	0x01F5      	CLRF       R4+1
0x00CA	0x085A      	MOVF       FARG_WordToStr_input, 0
0x00CB	0x00F0      	MOVWF      R0
0x00CC	0x085B      	MOVF       FARG_WordToStr_input+1, 0
0x00CD	0x00F1      	MOVWF      R0+1
0x00CE	0x201A      	CALL       _Div_16X16_U
0x00CF	0x0870      	MOVF       R0, 0
0x00D0	0x1683      	BSF        STATUS, 5
0x00D1	0x00DA      	MOVWF      FARG_WordToStr_input
0x00D2	0x0871      	MOVF       R0+1, 0
0x00D3	0x00DB      	MOVWF      FARG_WordToStr_input+1
;__Lib_Conversions.c,110 :: 		
0x00D4	0x3000      	MOVLW      0
0x00D5	0x0671      	XORWF      R0+1, 0
0x00D6	0x1D03      	BTFSS      STATUS, 2
0x00D7	0x28DA      	GOTO       L__WordToStr379
0x00D8	0x3000      	MOVLW      0
0x00D9	0x0670      	XORWF      R0, 0
L__WordToStr379:
0x00DA	0x1D03      	BTFSS      STATUS, 2
0x00DB	0x28DD      	GOTO       L_WordToStr16
;__Lib_Conversions.c,111 :: 		
0x00DC	0x28DF      	GOTO       L_WordToStr15
L_WordToStr16:
;__Lib_Conversions.c,112 :: 		
0x00DD	0x03DD      	DECF       WordToStr_len_L0, 1
;__Lib_Conversions.c,113 :: 		
0x00DE	0x28B1      	GOTO       L_WordToStr14
L_WordToStr15:
;__Lib_Conversions.c,114 :: 		
L_end_WordToStr:
0x00DF	0x0008      	RETURN
; end of _WordToStr
_IntToStr:
;__Lib_Conversions.c,195 :: 		
;__Lib_Conversions.c,201 :: 		
0x00E0	0x1683      	BSF        STATUS, 5
0x00E1	0x1303      	BCF        STATUS, 6
0x00E2	0x01D6      	CLRF       IntToStr_negative_L0
0x00E3	0x01D7      	CLRF       IntToStr_negative_L0+1
;__Lib_Conversions.c,202 :: 		
0x00E4	0x0851      	MOVF       FARG_IntToStr_input, 0
0x00E5	0x00D8      	MOVWF      IntToStr_inword_L0
0x00E6	0x0852      	MOVF       FARG_IntToStr_input+1, 0
0x00E7	0x00D9      	MOVWF      IntToStr_inword_L0+1
;__Lib_Conversions.c,203 :: 		
0x00E8	0x3080      	MOVLW      128
0x00E9	0x0652      	XORWF      FARG_IntToStr_input+1, 0
0x00EA	0x00F0      	MOVWF      R0
0x00EB	0x3080      	MOVLW      128
0x00EC	0x0270      	SUBWF      R0, 0
0x00ED	0x1D03      	BTFSS      STATUS, 2
0x00EE	0x28F1      	GOTO       L__IntToStr387
0x00EF	0x3000      	MOVLW      0
0x00F0	0x0251      	SUBWF      FARG_IntToStr_input, 0
L__IntToStr387:
0x00F1	0x1803      	BTFSC      STATUS, 0
0x00F2	0x28FF      	GOTO       L_IntToStr37
;__Lib_Conversions.c,204 :: 		
0x00F3	0x3001      	MOVLW      1
0x00F4	0x00D6      	MOVWF      IntToStr_negative_L0
0x00F5	0x3000      	MOVLW      0
0x00F6	0x00D7      	MOVWF      IntToStr_negative_L0+1
;__Lib_Conversions.c,205 :: 		
0x00F7	0x0851      	MOVF       FARG_IntToStr_input, 0
0x00F8	0x3C00      	SUBLW      0
0x00F9	0x00D8      	MOVWF      IntToStr_inword_L0
0x00FA	0x0852      	MOVF       FARG_IntToStr_input+1, 0
0x00FB	0x1C03      	BTFSS      STATUS, 0
0x00FC	0x3E01      	ADDLW      1
0x00FD	0x01D9      	CLRF       IntToStr_inword_L0+1
0x00FE	0x02D9      	SUBWF      IntToStr_inword_L0+1, 1
;__Lib_Conversions.c,206 :: 		
L_IntToStr37:
;__Lib_Conversions.c,207 :: 		
0x00FF	0x0858      	MOVF       IntToStr_inword_L0, 0
0x0100	0x00DA      	MOVWF      FARG_WordToStr_input
0x0101	0x0859      	MOVF       IntToStr_inword_L0+1, 0
0x0102	0x00DB      	MOVWF      FARG_WordToStr_input+1
0x0103	0x0853      	MOVF       FARG_IntToStr_output, 0
0x0104	0x00DC      	MOVWF      FARG_WordToStr_output
0x0105	0x209E      	CALL       _WordToStr
;__Lib_Conversions.c,209 :: 		
0x0106	0x3006      	MOVLW      6
0x0107	0x00D4      	MOVWF      IntToStr_i_L0
0x0108	0x3000      	MOVLW      0
0x0109	0x00D5      	MOVWF      IntToStr_i_L0+1
;__Lib_Conversions.c,210 :: 		
L_IntToStr38:
0x010A	0x0855      	MOVF       IntToStr_i_L0+1, 0
0x010B	0x3C00      	SUBLW      0
0x010C	0x1D03      	BTFSS      STATUS, 2
0x010D	0x2910      	GOTO       L__IntToStr388
0x010E	0x0854      	MOVF       IntToStr_i_L0, 0
0x010F	0x3C00      	SUBLW      0
L__IntToStr388:
0x0110	0x1803      	BTFSC      STATUS, 0
0x0111	0x292B      	GOTO       L_IntToStr39
;__Lib_Conversions.c,211 :: 		
0x0112	0x0854      	MOVF       IntToStr_i_L0, 0
0x0113	0x0753      	ADDWF      FARG_IntToStr_output, 0
0x0114	0x00F2      	MOVWF      R2
0x0115	0x3001      	MOVLW      1
0x0116	0x0254      	SUBWF      IntToStr_i_L0, 0
0x0117	0x00F0      	MOVWF      R0
0x0118	0x3000      	MOVLW      0
0x0119	0x1C03      	BTFSS      STATUS, 0
0x011A	0x3E01      	ADDLW      1
0x011B	0x0255      	SUBWF      IntToStr_i_L0+1, 0
0x011C	0x00F1      	MOVWF      R0+1
0x011D	0x0870      	MOVF       R0, 0
0x011E	0x0753      	ADDWF      FARG_IntToStr_output, 0
0x011F	0x0084      	MOVWF      FSR
0x0120	0x0800      	MOVF       INDF, 0
0x0121	0x00F0      	MOVWF      R0
0x0122	0x0872      	MOVF       R2, 0
0x0123	0x0084      	MOVWF      FSR
0x0124	0x0870      	MOVF       R0, 0
0x0125	0x0080      	MOVWF      INDF
;__Lib_Conversions.c,212 :: 		
0x0126	0x3001      	MOVLW      1
0x0127	0x02D4      	SUBWF      IntToStr_i_L0, 1
0x0128	0x1C03      	BTFSS      STATUS, 0
0x0129	0x03D5      	DECF       IntToStr_i_L0+1, 1
;__Lib_Conversions.c,213 :: 		
0x012A	0x290A      	GOTO       L_IntToStr38
L_IntToStr39:
;__Lib_Conversions.c,214 :: 		
0x012B	0x0853      	MOVF       FARG_IntToStr_output, 0
0x012C	0x0084      	MOVWF      FSR
0x012D	0x3020      	MOVLW      32
0x012E	0x0080      	MOVWF      INDF
;__Lib_Conversions.c,215 :: 		
0x012F	0x0856      	MOVF       IntToStr_negative_L0, 0
0x0130	0x0457      	IORWF      IntToStr_negative_L0+1, 0
0x0131	0x1903      	BTFSC      STATUS, 2
0x0132	0x2949      	GOTO       L_IntToStr40
;__Lib_Conversions.c,216 :: 		
0x0133	0x01D4      	CLRF       IntToStr_i_L0
0x0134	0x01D5      	CLRF       IntToStr_i_L0+1
;__Lib_Conversions.c,217 :: 		
L_IntToStr41:
0x0135	0x0854      	MOVF       IntToStr_i_L0, 0
0x0136	0x0753      	ADDWF      FARG_IntToStr_output, 0
0x0137	0x0084      	MOVWF      FSR
0x0138	0x0800      	MOVF       INDF, 0
0x0139	0x3A20      	XORLW      32
0x013A	0x1D03      	BTFSS      STATUS, 2
0x013B	0x2940      	GOTO       L_IntToStr42
0x013C	0x0AD4      	INCF       IntToStr_i_L0, 1
0x013D	0x1903      	BTFSC      STATUS, 2
0x013E	0x0AD5      	INCF       IntToStr_i_L0+1, 1
0x013F	0x2935      	GOTO       L_IntToStr41
L_IntToStr42:
;__Lib_Conversions.c,218 :: 		
0x0140	0x3001      	MOVLW      1
0x0141	0x02D4      	SUBWF      IntToStr_i_L0, 1
0x0142	0x1C03      	BTFSS      STATUS, 0
0x0143	0x03D5      	DECF       IntToStr_i_L0+1, 1
;__Lib_Conversions.c,219 :: 		
0x0144	0x0854      	MOVF       IntToStr_i_L0, 0
0x0145	0x0753      	ADDWF      FARG_IntToStr_output, 0
0x0146	0x0084      	MOVWF      FSR
0x0147	0x302D      	MOVLW      45
0x0148	0x0080      	MOVWF      INDF
L_IntToStr40:
;__Lib_Conversions.c,220 :: 		
L_end_IntToStr:
0x0149	0x0008      	RETURN
; end of _IntToStr
_Lcd_Out:
;__Lib_Lcd.c,184 :: 		
;__Lib_Lcd.c,187 :: 		
0x014A	0x295C      	GOTO       L_Lcd_Out11
;__Lib_Lcd.c,188 :: 		
L_Lcd_Out13:
0x014B	0x3080      	MOVLW      128
0x014C	0x1683      	BSF        STATUS, 5
0x014D	0x1303      	BCF        STATUS, 6
0x014E	0x00D1      	MOVWF      FARG_Lcd_Out_row
0x014F	0x296F      	GOTO       L_Lcd_Out12
;__Lib_Lcd.c,189 :: 		
L_Lcd_Out14:
0x0150	0x30C0      	MOVLW      192
0x0151	0x00D1      	MOVWF      FARG_Lcd_Out_row
0x0152	0x296F      	GOTO       L_Lcd_Out12
;__Lib_Lcd.c,190 :: 		
L_Lcd_Out15:
0x0153	0x3094      	MOVLW      148
0x0154	0x00D1      	MOVWF      FARG_Lcd_Out_row
0x0155	0x296F      	GOTO       L_Lcd_Out12
;__Lib_Lcd.c,191 :: 		
L_Lcd_Out16:
0x0156	0x30D4      	MOVLW      212
0x0157	0x00D1      	MOVWF      FARG_Lcd_Out_row
0x0158	0x296F      	GOTO       L_Lcd_Out12
;__Lib_Lcd.c,192 :: 		
L_Lcd_Out17:
0x0159	0x3080      	MOVLW      128
0x015A	0x00D1      	MOVWF      FARG_Lcd_Out_row
;__Lib_Lcd.c,193 :: 		
0x015B	0x296F      	GOTO       L_Lcd_Out12
L_Lcd_Out11:
0x015C	0x1683      	BSF        STATUS, 5
0x015D	0x1303      	BCF        STATUS, 6
0x015E	0x0851      	MOVF       FARG_Lcd_Out_row, 0
0x015F	0x3A01      	XORLW      1
0x0160	0x1903      	BTFSC      STATUS, 2
0x0161	0x294B      	GOTO       L_Lcd_Out13
0x0162	0x0851      	MOVF       FARG_Lcd_Out_row, 0
0x0163	0x3A02      	XORLW      2
0x0164	0x1903      	BTFSC      STATUS, 2
0x0165	0x2950      	GOTO       L_Lcd_Out14
0x0166	0x0851      	MOVF       FARG_Lcd_Out_row, 0
0x0167	0x3A03      	XORLW      3
0x0168	0x1903      	BTFSC      STATUS, 2
0x0169	0x2953      	GOTO       L_Lcd_Out15
0x016A	0x0851      	MOVF       FARG_Lcd_Out_row, 0
0x016B	0x3A04      	XORLW      4
0x016C	0x1903      	BTFSC      STATUS, 2
0x016D	0x2956      	GOTO       L_Lcd_Out16
0x016E	0x2959      	GOTO       L_Lcd_Out17
L_Lcd_Out12:
;__Lib_Lcd.c,194 :: 		
0x016F	0x0352      	DECF       FARG_Lcd_Out_column, 0
0x0170	0x00F0      	MOVWF      R0
0x0171	0x0851      	MOVF       FARG_Lcd_Out_row, 0
0x0172	0x07F0      	ADDWF      R0, 1
0x0173	0x0870      	MOVF       R0, 0
0x0174	0x00D1      	MOVWF      FARG_Lcd_Out_row
;__Lib_Lcd.c,196 :: 		
0x0175	0x0870      	MOVF       R0, 0
0x0176	0x00DF      	MOVWF      FARG_Lcd_Cmd_out_char
0x0177	0x2037      	CALL       _Lcd_Cmd
;__Lib_Lcd.c,197 :: 		
0x0178	0x106F      	BCF        __Lib_Lcd_cmd_status, BitPos(__Lib_Lcd_cmd_status+0)
;__Lib_Lcd.c,198 :: 		
0x0179	0x1683      	BSF        STATUS, 5
0x017A	0x01D4      	CLRF       Lcd_Out_i_L0
;__Lib_Lcd.c,199 :: 		
L_Lcd_Out18:
0x017B	0x0854      	MOVF       Lcd_Out_i_L0, 0
0x017C	0x0753      	ADDWF      FARG_Lcd_Out_text, 0
0x017D	0x0084      	MOVWF      FSR
0x017E	0x0800      	MOVF       INDF, 0
0x017F	0x1903      	BTFSC      STATUS, 2
0x0180	0x298A      	GOTO       L_Lcd_Out19
;__Lib_Lcd.c,200 :: 		
0x0181	0x0854      	MOVF       Lcd_Out_i_L0, 0
0x0182	0x0753      	ADDWF      FARG_Lcd_Out_text, 0
0x0183	0x0084      	MOVWF      FSR
0x0184	0x0800      	MOVF       INDF, 0
0x0185	0x00DA      	MOVWF      FARG_Lcd_Chr_CP_out_char
0x0186	0x208E      	CALL       _Lcd_Chr_CP
0x0187	0x1683      	BSF        STATUS, 5
0x0188	0x0AD4      	INCF       Lcd_Out_i_L0, 1
0x0189	0x297B      	GOTO       L_Lcd_Out18
L_Lcd_Out19:
;__Lib_Lcd.c,201 :: 		
0x018A	0x1283      	BCF        STATUS, 5
0x018B	0x146F      	BSF        __Lib_Lcd_cmd_status, BitPos(__Lib_Lcd_cmd_status+0)
;__Lib_Lcd.c,202 :: 		
L_end_Lcd_Out:
0x018C	0x0008      	RETURN
; end of _Lcd_Out
___CC2DW:
;__Lib_System.c,134 :: 		
;__Lib_System.c,137 :: 		
_CC2D_Loop1:
;__Lib_System.c,139 :: 		
0x018D	0x2097      	CALL       _____DoICP
0x018E	0x118A      	BCF        PCLATH, 3
0x018F	0x120A      	BCF        PCLATH, 4
;__Lib_System.c,141 :: 		
0x0190	0x0080      	MOVWF      INDF
;__Lib_System.c,142 :: 		
0x0191	0x0A84      	INCF       FSR, 1
;__Lib_System.c,143 :: 		
0x0192	0x0AC0      	INCF       ___DoICPAddr, 1
;__Lib_System.c,145 :: 		
0x0193	0x1903      	BTFSC      STATUS, 2
;__Lib_System.c,146 :: 		
0x0194	0x0AC1      	INCF       ___DoICPAddr+1, 1
;__Lib_System.c,147 :: 		
0x0195	0x03F0      	DECF       R0, 1
;__Lib_System.c,149 :: 		
0x0196	0x1D03      	BTFSS      STATUS, 2
;__Lib_System.c,150 :: 		
0x0197	0x298D      	GOTO       _CC2D_Loop1
;__Lib_System.c,152 :: 		
L_end___CC2DW:
0x0198	0x0008      	RETURN
; end of ___CC2DW
_Lcd_Init:
;__Lib_Lcd.c,84 :: 		
;__Lib_Lcd.c,86 :: 		
0x0199	0x1683      	BSF        STATUS, 5
0x019A	0x1303      	BCF        STATUS, 6
0x019B	0x1288      	BCF        LCD_EN_Direction, BitPos(LCD_EN_Direction+0)
;__Lib_Lcd.c,87 :: 		
0x019C	0x1208      	BCF        LCD_RS_Direction, BitPos(LCD_RS_Direction+0)
;__Lib_Lcd.c,88 :: 		
0x019D	0x1008      	BCF        LCD_D4_Direction, BitPos(LCD_D4_Direction+0)
;__Lib_Lcd.c,89 :: 		
0x019E	0x1088      	BCF        LCD_D5_Direction, BitPos(LCD_D5_Direction+0)
;__Lib_Lcd.c,90 :: 		
0x019F	0x1108      	BCF        LCD_D6_Direction, BitPos(LCD_D6_Direction+0)
;__Lib_Lcd.c,91 :: 		
0x01A0	0x1188      	BCF        LCD_D7_Direction, BitPos(LCD_D7_Direction+0)
;__Lib_Lcd.c,93 :: 		
0x01A1	0x1283      	BCF        STATUS, 5
0x01A2	0x1288      	BCF        LCD_EN, BitPos(LCD_EN+0)
;__Lib_Lcd.c,94 :: 		
0x01A3	0x1208      	BCF        LCD_RS, BitPos(LCD_RS+0)
;__Lib_Lcd.c,95 :: 		
0x01A4	0x1188      	BCF        LCD_D7, BitPos(LCD_D7+0)
;__Lib_Lcd.c,96 :: 		
0x01A5	0x1108      	BCF        LCD_D6, BitPos(LCD_D6+0)
;__Lib_Lcd.c,97 :: 		
0x01A6	0x1088      	BCF        LCD_D5, BitPos(LCD_D5+0)
;__Lib_Lcd.c,98 :: 		
0x01A7	0x1008      	BCF        LCD_D4, BitPos(LCD_D4+0)
;__Lib_Lcd.c,100 :: 		
0x01A8	0x200D      	CALL       _Delay_5500us
;__Lib_Lcd.c,101 :: 		
0x01A9	0x200D      	CALL       _Delay_5500us
;__Lib_Lcd.c,102 :: 		
0x01AA	0x200D      	CALL       _Delay_5500us
;__Lib_Lcd.c,105 :: 		
0x01AB	0x1488      	BSF        LCD_D5, BitPos(LCD_D5+0)
;__Lib_Lcd.c,106 :: 		
0x01AC	0x1408      	BSF        LCD_D4, BitPos(LCD_D4+0)
;__Lib_Lcd.c,107 :: 		
0x01AD	0x1688      	BSF        LCD_EN, BitPos(LCD_EN+0)
;__Lib_Lcd.c,108 :: 		
0x01AE	0x2003      	CALL       _Delay_1us
;__Lib_Lcd.c,109 :: 		
0x01AF	0x1288      	BCF        LCD_EN, BitPos(LCD_EN+0)
;__Lib_Lcd.c,110 :: 		
0x01B0	0x200D      	CALL       _Delay_5500us
;__Lib_Lcd.c,112 :: 		
0x01B1	0x1688      	BSF        LCD_EN, BitPos(LCD_EN+0)
;__Lib_Lcd.c,113 :: 		
0x01B2	0x2003      	CALL       _Delay_1us
;__Lib_Lcd.c,114 :: 		
0x01B3	0x1288      	BCF        LCD_EN, BitPos(LCD_EN+0)
;__Lib_Lcd.c,115 :: 		
0x01B4	0x200D      	CALL       _Delay_5500us
;__Lib_Lcd.c,117 :: 		
0x01B5	0x1688      	BSF        LCD_EN, BitPos(LCD_EN+0)
;__Lib_Lcd.c,118 :: 		
0x01B6	0x2003      	CALL       _Delay_1us
;__Lib_Lcd.c,119 :: 		
0x01B7	0x1288      	BCF        LCD_EN, BitPos(LCD_EN+0)
;__Lib_Lcd.c,120 :: 		
0x01B8	0x200D      	CALL       _Delay_5500us
;__Lib_Lcd.c,123 :: 		
0x01B9	0x1008      	BCF        LCD_D4, BitPos(LCD_D4+0)
;__Lib_Lcd.c,124 :: 		
0x01BA	0x1688      	BSF        LCD_EN, BitPos(LCD_EN+0)
;__Lib_Lcd.c,125 :: 		
0x01BB	0x2003      	CALL       _Delay_1us
;__Lib_Lcd.c,126 :: 		
0x01BC	0x1288      	BCF        LCD_EN, BitPos(LCD_EN+0)
;__Lib_Lcd.c,127 :: 		
0x01BD	0x200D      	CALL       _Delay_5500us
;__Lib_Lcd.c,130 :: 		
0x01BE	0x1688      	BSF        LCD_EN, BitPos(LCD_EN+0)
;__Lib_Lcd.c,131 :: 		
0x01BF	0x2003      	CALL       _Delay_1us
;__Lib_Lcd.c,132 :: 		
0x01C0	0x1288      	BCF        LCD_EN, BitPos(LCD_EN+0)
;__Lib_Lcd.c,134 :: 		
0x01C1	0x1088      	BCF        LCD_D5, BitPos(LCD_D5+0)
;__Lib_Lcd.c,135 :: 		
0x01C2	0x1588      	BSF        LCD_D7, BitPos(LCD_D7+0)
;__Lib_Lcd.c,136 :: 		
0x01C3	0x1688      	BSF        LCD_EN, BitPos(LCD_EN+0)
;__Lib_Lcd.c,137 :: 		
0x01C4	0x2003      	CALL       _Delay_1us
;__Lib_Lcd.c,138 :: 		
0x01C5	0x1288      	BCF        LCD_EN, BitPos(LCD_EN+0)
;__Lib_Lcd.c,139 :: 		
0x01C6	0x200D      	CALL       _Delay_5500us
;__Lib_Lcd.c,142 :: 		
0x01C7	0x1188      	BCF        LCD_D7, BitPos(LCD_D7+0)
;__Lib_Lcd.c,143 :: 		
0x01C8	0x1408      	BSF        LCD_D4, BitPos(LCD_D4+0)
;__Lib_Lcd.c,144 :: 		
0x01C9	0x1688      	BSF        LCD_EN, BitPos(LCD_EN+0)
;__Lib_Lcd.c,145 :: 		
0x01CA	0x2003      	CALL       _Delay_1us
;__Lib_Lcd.c,146 :: 		
0x01CB	0x1288      	BCF        LCD_EN, BitPos(LCD_EN+0)
;__Lib_Lcd.c,148 :: 		
0x01CC	0x1008      	BCF        LCD_D4, BitPos(LCD_D4+0)
;__Lib_Lcd.c,149 :: 		
0x01CD	0x1688      	BSF        LCD_EN, BitPos(LCD_EN+0)
;__Lib_Lcd.c,150 :: 		
0x01CE	0x2003      	CALL       _Delay_1us
;__Lib_Lcd.c,151 :: 		
0x01CF	0x1288      	BCF        LCD_EN, BitPos(LCD_EN+0)
;__Lib_Lcd.c,152 :: 		
0x01D0	0x200D      	CALL       _Delay_5500us
;__Lib_Lcd.c,155 :: 		
0x01D1	0x1688      	BSF        LCD_EN, BitPos(LCD_EN+0)
;__Lib_Lcd.c,156 :: 		
0x01D2	0x2003      	CALL       _Delay_1us
;__Lib_Lcd.c,157 :: 		
0x01D3	0x1288      	BCF        LCD_EN, BitPos(LCD_EN+0)
;__Lib_Lcd.c,159 :: 		
0x01D4	0x1408      	BSF        LCD_D4, BitPos(LCD_D4+0)
;__Lib_Lcd.c,160 :: 		
0x01D5	0x1688      	BSF        LCD_EN, BitPos(LCD_EN+0)
;__Lib_Lcd.c,161 :: 		
0x01D6	0x2003      	CALL       _Delay_1us
;__Lib_Lcd.c,162 :: 		
0x01D7	0x1288      	BCF        LCD_EN, BitPos(LCD_EN+0)
;__Lib_Lcd.c,163 :: 		
0x01D8	0x200D      	CALL       _Delay_5500us
;__Lib_Lcd.c,166 :: 		
0x01D9	0x1008      	BCF        LCD_D4, BitPos(LCD_D4+0)
;__Lib_Lcd.c,167 :: 		
0x01DA	0x1688      	BSF        LCD_EN, BitPos(LCD_EN+0)
;__Lib_Lcd.c,168 :: 		
0x01DB	0x2003      	CALL       _Delay_1us
;__Lib_Lcd.c,169 :: 		
0x01DC	0x1288      	BCF        LCD_EN, BitPos(LCD_EN+0)
;__Lib_Lcd.c,171 :: 		
0x01DD	0x1588      	BSF        LCD_D7, BitPos(LCD_D7+0)
;__Lib_Lcd.c,172 :: 		
0x01DE	0x1508      	BSF        LCD_D6, BitPos(LCD_D6+0)
;__Lib_Lcd.c,173 :: 		
0x01DF	0x1488      	BSF        LCD_D5, BitPos(LCD_D5+0)
;__Lib_Lcd.c,174 :: 		
0x01E0	0x1408      	BSF        LCD_D4, BitPos(LCD_D4+0)
;__Lib_Lcd.c,175 :: 		
0x01E1	0x1688      	BSF        LCD_EN, BitPos(LCD_EN+0)
;__Lib_Lcd.c,176 :: 		
0x01E2	0x2003      	CALL       _Delay_1us
;__Lib_Lcd.c,177 :: 		
0x01E3	0x1288      	BCF        LCD_EN, BitPos(LCD_EN+0)
;__Lib_Lcd.c,179 :: 		
0x01E4	0x200D      	CALL       _Delay_5500us
;__Lib_Lcd.c,181 :: 		
0x01E5	0x146F      	BSF        __Lib_Lcd_cmd_status, BitPos(__Lib_Lcd_cmd_status+0)
;__Lib_Lcd.c,182 :: 		
L_end_Lcd_Init:
0x01E6	0x0008      	RETURN
; end of _Lcd_Init
_main:
0x01E7	0x23D8      	CALL       984
;MyProject.c,16 :: 		void main(void ) {
;MyProject.c,35 :: 		unsigned long tiempoTranscurrido = 0;
0x01E8	0x1683      	BSF        STATUS, 5
0x01E9	0x1303      	BCF        STATUS, 6
0x01EA	0x01C8      	CLRF       main_tiempoTranscurrido_L0
0x01EB	0x01C9      	CLRF       main_tiempoTranscurrido_L0+1
0x01EC	0x01CA      	CLRF       main_tiempoTranscurrido_L0+2
0x01ED	0x01CB      	CLRF       main_tiempoTranscurrido_L0+3
0x01EE	0x01CC      	CLRF       main_contador_L0
0x01EF	0x01CD      	CLRF       main_contador1_L0
0x01F0	0x01CE      	CLRF       main_contador2_L0
0x01F1	0x01CF      	CLRF       main_contador2_L0+1
0x01F2	0x01D0      	CLRF       main_estado_L0
;MyProject.c,46 :: 		TRISA = 0b000000;
0x01F3	0x0185      	CLRF       TRISA
;MyProject.c,47 :: 		TRISB = 0b11111111;
0x01F4	0x30FF      	MOVLW      255
0x01F5	0x0086      	MOVWF      TRISB
;MyProject.c,48 :: 		TRISC = 0;
0x01F6	0x0187      	CLRF       TRISC
;MyProject.c,51 :: 		PORTC = 0; //Puerto C inicializado en cero (display 7 segmentos).
0x01F7	0x1283      	BCF        STATUS, 5
0x01F8	0x0187      	CLRF       PORTC
;MyProject.c,53 :: 		Lcd_Init(); //Inicio del LCD.
0x01F9	0x2199      	CALL       _Lcd_Init
;MyProject.c,55 :: 		while (1) //Bucle infinito.
L_main0:
;MyProject.c,57 :: 		if (PORTB.F2 == 1 && contador2 <= 10) {  //Parado con condición para que solo vuelva si la velocidad es menor o igual a cero
0x01FA	0x1D06      	BTFSS      PORTB, 2
0x01FB	0x2A0B      	GOTO       L_main4
0x01FC	0x3080      	MOVLW      128
0x01FD	0x00F0      	MOVWF      R0
0x01FE	0x3080      	MOVLW      128
0x01FF	0x1683      	BSF        STATUS, 5
0x0200	0x064F      	XORWF      main_contador2_L0+1, 0
0x0201	0x0270      	SUBWF      R0, 0
0x0202	0x1D03      	BTFSS      STATUS, 2
0x0203	0x2A06      	GOTO       L__main31
0x0204	0x084E      	MOVF       main_contador2_L0, 0
0x0205	0x3C0A      	SUBLW      10
L__main31:
0x0206	0x1C03      	BTFSS      STATUS, 0
0x0207	0x2A0B      	GOTO       L_main4
L__main29:
;MyProject.c,58 :: 		contador = 0;  // valor asignado al contador
0x0208	0x01CC      	CLRF       main_contador_L0
;MyProject.c,59 :: 		estado = 1;    // Estado asignado
0x0209	0x3001      	MOVLW      1
0x020A	0x00D0      	MOVWF      main_estado_L0
;MyProject.c,60 :: 		}
L_main4:
;MyProject.c,62 :: 		if (PORTB.F2 == 1 && contador2 > 10) {  //Parado con condicion para encender led azul
0x020B	0x1283      	BCF        STATUS, 5
0x020C	0x1D06      	BTFSS      PORTB, 2
0x020D	0x2A1C      	GOTO       L_main7
0x020E	0x3080      	MOVLW      128
0x020F	0x00F0      	MOVWF      R0
0x0210	0x3080      	MOVLW      128
0x0211	0x1683      	BSF        STATUS, 5
0x0212	0x064F      	XORWF      main_contador2_L0+1, 0
0x0213	0x0270      	SUBWF      R0, 0
0x0214	0x1D03      	BTFSS      STATUS, 2
0x0215	0x2A18      	GOTO       L__main32
0x0216	0x084E      	MOVF       main_contador2_L0, 0
0x0217	0x3C0A      	SUBLW      10
L__main32:
0x0218	0x1803      	BTFSC      STATUS, 0
0x0219	0x2A1C      	GOTO       L_main7
L__main28:
;MyProject.c,63 :: 		PORTA.F2 =1;
0x021A	0x1283      	BCF        STATUS, 5
0x021B	0x1505      	BSF        PORTA, 2
;MyProject.c,64 :: 		}
L_main7:
0x021C	0x1283      	BCF        STATUS, 5
;MyProject.c,67 :: 		if (PORTB.F2 == 0) {  // Movimiento
0x021D	0x1906      	BTFSC      PORTB, 2
0x021E	0x2A64      	GOTO       L_main8
;MyProject.c,68 :: 		contador1 = 1;
0x021F	0x3001      	MOVLW      1
0x0220	0x1683      	BSF        STATUS, 5
0x0221	0x00CD      	MOVWF      main_contador1_L0
;MyProject.c,69 :: 		estado = 2;
0x0222	0x3002      	MOVLW      2
0x0223	0x00D0      	MOVWF      main_estado_L0
;MyProject.c,71 :: 		if(PORTB.F4 == 0) { //Incremente velocidad
0x0224	0x1283      	BCF        STATUS, 5
0x0225	0x1A06      	BTFSC      PORTB, 4
0x0226	0x2A4C      	GOTO       L_main9
;MyProject.c,72 :: 		contador2+=5;   //Aumento de 5 en 5km/h la velocidad
0x0227	0x3005      	MOVLW      5
0x0228	0x1683      	BSF        STATUS, 5
0x0229	0x07CE      	ADDWF      main_contador2_L0, 1
0x022A	0x1803      	BTFSC      STATUS, 0
0x022B	0x0ACF      	INCF       main_contador2_L0+1, 1
;MyProject.c,73 :: 		delay_ms(300);  //Retarto al presionar el boton para la simulación
0x022C	0x3004      	MOVLW      4
0x022D	0x00FB      	MOVWF      R11
0x022E	0x300C      	MOVLW      12
0x022F	0x00FC      	MOVWF      R12
0x0230	0x3033      	MOVLW      51
0x0231	0x00FD      	MOVWF      R13
L_main10:
0x0232	0x0BFD      	DECFSZ     R13, 1
0x0233	0x2A32      	GOTO       L_main10
0x0234	0x0BFC      	DECFSZ     R12, 1
0x0235	0x2A32      	GOTO       L_main10
0x0236	0x0BFB      	DECFSZ     R11, 1
0x0237	0x2A32      	GOTO       L_main10
0x0238	0x0000      	NOP
0x0239	0x0000      	NOP
;MyProject.c,74 :: 		estado=3;       //estado asignado
0x023A	0x3003      	MOVLW      3
0x023B	0x00D0      	MOVWF      main_estado_L0
;MyProject.c,75 :: 		if(contador2 >= 95){  //Condicion que igual la velocidad a 95km/h como máxima
0x023C	0x3080      	MOVLW      128
0x023D	0x064F      	XORWF      main_contador2_L0+1, 0
0x023E	0x00F0      	MOVWF      R0
0x023F	0x3080      	MOVLW      128
0x0240	0x0270      	SUBWF      R0, 0
0x0241	0x1D03      	BTFSS      STATUS, 2
0x0242	0x2A45      	GOTO       L__main33
0x0243	0x305F      	MOVLW      95
0x0244	0x024E      	SUBWF      main_contador2_L0, 0
L__main33:
0x0245	0x1C03      	BTFSS      STATUS, 0
0x0246	0x2A4B      	GOTO       L_main11
;MyProject.c,76 :: 		contador2 = 95;
0x0247	0x305F      	MOVLW      95
0x0248	0x00CE      	MOVWF      main_contador2_L0
0x0249	0x3000      	MOVLW      0
0x024A	0x00CF      	MOVWF      main_contador2_L0+1
;MyProject.c,77 :: 		}
L_main11:
;MyProject.c,79 :: 		}
0x024B	0x2A64      	GOTO       L_main12
L_main9:
;MyProject.c,80 :: 		else if(PORTB.F6 == 0){ //disminuye velocidad
0x024C	0x1283      	BCF        STATUS, 5
0x024D	0x1B06      	BTFSC      PORTB, 6
0x024E	0x2A64      	GOTO       L_main13
;MyProject.c,81 :: 		contador2-=3;    //Decremento de 3 en 3km/h la velocidad
0x024F	0x3003      	MOVLW      3
0x0250	0x1683      	BSF        STATUS, 5
0x0251	0x02CE      	SUBWF      main_contador2_L0, 1
0x0252	0x1C03      	BTFSS      STATUS, 0
0x0253	0x03CF      	DECF       main_contador2_L0+1, 1
;MyProject.c,82 :: 		delay_ms(300);   //Retarto al presionar el boton para la simulación
0x0254	0x3004      	MOVLW      4
0x0255	0x00FB      	MOVWF      R11
0x0256	0x300C      	MOVLW      12
0x0257	0x00FC      	MOVWF      R12
0x0258	0x3033      	MOVLW      51
0x0259	0x00FD      	MOVWF      R13
L_main14:
0x025A	0x0BFD      	DECFSZ     R13, 1
0x025B	0x2A5A      	GOTO       L_main14
0x025C	0x0BFC      	DECFSZ     R12, 1
0x025D	0x2A5A      	GOTO       L_main14
0x025E	0x0BFB      	DECFSZ     R11, 1
0x025F	0x2A5A      	GOTO       L_main14
0x0260	0x0000      	NOP
0x0261	0x0000      	NOP
;MyProject.c,83 :: 		estado=4;        //estado asignado
0x0262	0x3004      	MOVLW      4
0x0263	0x00D0      	MOVWF      main_estado_L0
;MyProject.c,84 :: 		}
L_main13:
L_main12:
;MyProject.c,86 :: 		}
L_main8:
0x0264	0x1683      	BSF        STATUS, 5
;MyProject.c,89 :: 		if (estado == 1) { //Parado
0x0265	0x0850      	MOVF       main_estado_L0, 0
0x0266	0x3A01      	XORLW      1
0x0267	0x1D03      	BTFSS      STATUS, 2
0x0268	0x2AD0      	GOTO       L_main15
;MyProject.c,90 :: 		PORTC = DIGITOS[contador]; //Muestra '0' en el display
0x0269	0x084C      	MOVF       main_contador_L0, 0
0x026A	0x3ECE      	ADDLW      main_DIGITOS_L0
0x026B	0x00F0      	MOVWF      R0
0x026C	0x3003      	MOVLW      hi_addr(main_DIGITOS_L0)
0x026D	0x1803      	BTFSC      STATUS, 0
0x026E	0x3E01      	ADDLW      1
0x026F	0x00F1      	MOVWF      R0+1
0x0270	0x3000      	MOVLW      0
0x0271	0x1BCC      	BTFSC      main_contador_L0, 7
0x0272	0x30FF      	MOVLW      255
0x0273	0x07F1      	ADDWF      R0+1, 1
0x0274	0x0870      	MOVF       R0, 0
0x0275	0x00C0      	MOVWF      ___DoICPAddr
0x0276	0x0871      	MOVF       R0+1, 0
0x0277	0x00C1      	MOVWF      ___DoICPAddr+1
0x0278	0x2097      	CALL       _____DoICP
0x0279	0x118A      	BCF        PCLATH, 3
0x027A	0x120A      	BCF        PCLATH, 4
0x027B	0x1283      	BCF        STATUS, 5
0x027C	0x0087      	MOVWF      PORTC
;MyProject.c,91 :: 		tiempoTranscurrido = 0;
0x027D	0x1683      	BSF        STATUS, 5
0x027E	0x01C8      	CLRF       main_tiempoTranscurrido_L0
0x027F	0x01C9      	CLRF       main_tiempoTranscurrido_L0+1
0x0280	0x01CA      	CLRF       main_tiempoTranscurrido_L0+2
0x0281	0x01CB      	CLRF       main_tiempoTranscurrido_L0+3
;MyProject.c,93 :: 		while(tiempoTranscurrido < 15000 && PORTB.F2 == 1) {//ciclo que verifica si el estado 1 se mantiene por más de 15 segundos activo
L_main16:
0x0282	0x3000      	MOVLW      0
0x0283	0x024B      	SUBWF      main_tiempoTranscurrido_L0+3, 0
0x0284	0x1D03      	BTFSS      STATUS, 2
0x0285	0x2A90      	GOTO       L__main34
0x0286	0x3000      	MOVLW      0
0x0287	0x024A      	SUBWF      main_tiempoTranscurrido_L0+2, 0
0x0288	0x1D03      	BTFSS      STATUS, 2
0x0289	0x2A90      	GOTO       L__main34
0x028A	0x303A      	MOVLW      58
0x028B	0x0249      	SUBWF      main_tiempoTranscurrido_L0+1, 0
0x028C	0x1D03      	BTFSS      STATUS, 2
0x028D	0x2A90      	GOTO       L__main34
0x028E	0x3098      	MOVLW      152
0x028F	0x0248      	SUBWF      main_tiempoTranscurrido_L0, 0
L__main34:
0x0290	0x1803      	BTFSC      STATUS, 0
0x0291	0x2AC1      	GOTO       L_main17
0x0292	0x1283      	BCF        STATUS, 5
0x0293	0x1D06      	BTFSS      PORTB, 2
0x0294	0x2AC1      	GOTO       L_main17
L__main27:
;MyProject.c,94 :: 		delay_ms(1000);
0x0295	0x300B      	MOVLW      11
0x0296	0x00FB      	MOVWF      R11
0x0297	0x3026      	MOVLW      38
0x0298	0x00FC      	MOVWF      R12
0x0299	0x305D      	MOVLW      93
0x029A	0x00FD      	MOVWF      R13
L_main20:
0x029B	0x0BFD      	DECFSZ     R13, 1
0x029C	0x2A9B      	GOTO       L_main20
0x029D	0x0BFC      	DECFSZ     R12, 1
0x029E	0x2A9B      	GOTO       L_main20
0x029F	0x0BFB      	DECFSZ     R11, 1
0x02A0	0x2A9B      	GOTO       L_main20
0x02A1	0x0000      	NOP
0x02A2	0x0000      	NOP
;MyProject.c,95 :: 		tiempoTranscurrido +=1000;
0x02A3	0x30E8      	MOVLW      232
0x02A4	0x00F0      	MOVWF      R0
0x02A5	0x3003      	MOVLW      3
0x02A6	0x00F1      	MOVWF      R0+1
0x02A7	0x01F2      	CLRF       R0+2
0x02A8	0x01F3      	CLRF       R0+3
0x02A9	0x1683      	BSF        STATUS, 5
0x02AA	0x0848      	MOVF       main_tiempoTranscurrido_L0, 0
0x02AB	0x07F0      	ADDWF      R0, 1
0x02AC	0x0849      	MOVF       main_tiempoTranscurrido_L0+1, 0
0x02AD	0x1803      	BTFSC      STATUS, 0
0x02AE	0x0F49      	INCFSZ     main_tiempoTranscurrido_L0+1, 0
0x02AF	0x07F1      	ADDWF      R0+1, 1
0x02B0	0x084A      	MOVF       main_tiempoTranscurrido_L0+2, 0
0x02B1	0x1803      	BTFSC      STATUS, 0
0x02B2	0x0F4A      	INCFSZ     main_tiempoTranscurrido_L0+2, 0
0x02B3	0x07F2      	ADDWF      R0+2, 1
0x02B4	0x084B      	MOVF       main_tiempoTranscurrido_L0+3, 0
0x02B5	0x1803      	BTFSC      STATUS, 0
0x02B6	0x0F4B      	INCFSZ     main_tiempoTranscurrido_L0+3, 0
0x02B7	0x07F3      	ADDWF      R0+3, 1
0x02B8	0x0870      	MOVF       R0, 0
0x02B9	0x00C8      	MOVWF      main_tiempoTranscurrido_L0
0x02BA	0x0871      	MOVF       R0+1, 0
0x02BB	0x00C9      	MOVWF      main_tiempoTranscurrido_L0+1
0x02BC	0x0872      	MOVF       R0+2, 0
0x02BD	0x00CA      	MOVWF      main_tiempoTranscurrido_L0+2
0x02BE	0x0873      	MOVF       R0+3, 0
0x02BF	0x00CB      	MOVWF      main_tiempoTranscurrido_L0+3
;MyProject.c,96 :: 		}
0x02C0	0x2A82      	GOTO       L_main16
L_main17:
;MyProject.c,97 :: 		if(PORTB.F2 == 1){  //Condición para mostrar un texto en LCD al terminar el ciclo while anterior
0x02C1	0x1283      	BCF        STATUS, 5
0x02C2	0x1D06      	BTFSS      PORTB, 2
0x02C3	0x2AD0      	GOTO       L_main21
;MyProject.c,98 :: 		Lcd_Cmd(_LCD_CLEAR);
0x02C4	0x3001      	MOVLW      1
0x02C5	0x1683      	BSF        STATUS, 5
0x02C6	0x00DF      	MOVWF      FARG_Lcd_Cmd_out_char
0x02C7	0x2037      	CALL       _Lcd_Cmd
;MyProject.c,99 :: 		Lcd_Out(4, 1, "CAMBIARA EN MOVIMIENTO");  // Texto en LCD
0x02C8	0x3004      	MOVLW      4
0x02C9	0x1683      	BSF        STATUS, 5
0x02CA	0x00D1      	MOVWF      FARG_Lcd_Out_row
0x02CB	0x3001      	MOVLW      1
0x02CC	0x00D2      	MOVWF      FARG_Lcd_Out_column
0x02CD	0x3058      	MOVLW      ?lstr1_MyProject
0x02CE	0x00D3      	MOVWF      FARG_Lcd_Out_text
0x02CF	0x214A      	CALL       _Lcd_Out
;MyProject.c,100 :: 		}
L_main21:
;MyProject.c,103 :: 		}
L_main15:
;MyProject.c,105 :: 		if (estado == 2) {  //Movimiento
0x02D0	0x1683      	BSF        STATUS, 5
0x02D1	0x0850      	MOVF       main_estado_L0, 0
0x02D2	0x3A02      	XORLW      2
0x02D3	0x1D03      	BTFSS      STATUS, 2
0x02D4	0x2AE9      	GOTO       L_main22
;MyProject.c,106 :: 		PORTC = DIGITOS[contador1]; // Display muestra '1'
0x02D5	0x084D      	MOVF       main_contador1_L0, 0
0x02D6	0x3ECE      	ADDLW      main_DIGITOS_L0
0x02D7	0x00F0      	MOVWF      R0
0x02D8	0x3003      	MOVLW      hi_addr(main_DIGITOS_L0)
0x02D9	0x1803      	BTFSC      STATUS, 0
0x02DA	0x3E01      	ADDLW      1
0x02DB	0x00F1      	MOVWF      R0+1
0x02DC	0x3000      	MOVLW      0
0x02DD	0x1BCD      	BTFSC      main_contador1_L0, 7
0x02DE	0x30FF      	MOVLW      255
0x02DF	0x07F1      	ADDWF      R0+1, 1
0x02E0	0x0870      	MOVF       R0, 0
0x02E1	0x00C0      	MOVWF      ___DoICPAddr
0x02E2	0x0871      	MOVF       R0+1, 0
0x02E3	0x00C1      	MOVWF      ___DoICPAddr+1
0x02E4	0x2097      	CALL       _____DoICP
0x02E5	0x118A      	BCF        PCLATH, 3
0x02E6	0x120A      	BCF        PCLATH, 4
0x02E7	0x1283      	BCF        STATUS, 5
0x02E8	0x0087      	MOVWF      PORTC
;MyProject.c,108 :: 		}
L_main22:
;MyProject.c,110 :: 		if (estado == 3) {  // Estado para aumentar la velocidad
0x02E9	0x1683      	BSF        STATUS, 5
0x02EA	0x0850      	MOVF       main_estado_L0, 0
0x02EB	0x3A03      	XORLW      3
0x02EC	0x1D03      	BTFSS      STATUS, 2
0x02ED	0x2B18      	GOTO       L_main23
;MyProject.c,111 :: 		Lcd_Cmd(_LCD_CLEAR);
0x02EE	0x3001      	MOVLW      1
0x02EF	0x00DF      	MOVWF      FARG_Lcd_Cmd_out_char
0x02F0	0x2037      	CALL       _Lcd_Cmd
;MyProject.c,112 :: 		Lcd_Out(2,1, "Velocidadlimite:60km");
0x02F1	0x3002      	MOVLW      2
0x02F2	0x1683      	BSF        STATUS, 5
0x02F3	0x00D1      	MOVWF      FARG_Lcd_Out_row
0x02F4	0x3001      	MOVLW      1
0x02F5	0x00D2      	MOVWF      FARG_Lcd_Out_column
0x02F6	0x30AB      	MOVLW      ?lstr2_MyProject
0x02F7	0x00D3      	MOVWF      FARG_Lcd_Out_text
0x02F8	0x214A      	CALL       _Lcd_Out
;MyProject.c,113 :: 		Lcd_Out(3,1, "Incremento");
0x02F9	0x3003      	MOVLW      3
0x02FA	0x1683      	BSF        STATUS, 5
0x02FB	0x00D1      	MOVWF      FARG_Lcd_Out_row
0x02FC	0x3001      	MOVLW      1
0x02FD	0x00D2      	MOVWF      FARG_Lcd_Out_column
0x02FE	0x30A0      	MOVLW      ?lstr3_MyProject
0x02FF	0x00D3      	MOVWF      FARG_Lcd_Out_text
0x0300	0x214A      	CALL       _Lcd_Out
;MyProject.c,114 :: 		Lcd_Out(1,1, "Velocidad: ");
0x0301	0x3001      	MOVLW      1
0x0302	0x1683      	BSF        STATUS, 5
0x0303	0x00D1      	MOVWF      FARG_Lcd_Out_row
0x0304	0x3001      	MOVLW      1
0x0305	0x00D2      	MOVWF      FARG_Lcd_Out_column
0x0306	0x3035      	MOVLW      ?lstr4_MyProject
0x0307	0x00D3      	MOVWF      FARG_Lcd_Out_text
0x0308	0x214A      	CALL       _Lcd_Out
;MyProject.c,115 :: 		IntToStr(contador2, txt); //Paso de entero a String para luego mostrarlo en LCD
0x0309	0x1683      	BSF        STATUS, 5
0x030A	0x084E      	MOVF       main_contador2_L0, 0
0x030B	0x00D1      	MOVWF      FARG_IntToStr_input
0x030C	0x084F      	MOVF       main_contador2_L0+1, 0
0x030D	0x00D2      	MOVWF      FARG_IntToStr_input+1
0x030E	0x30C2      	MOVLW      main_txt_L0
0x030F	0x00D3      	MOVWF      FARG_IntToStr_output
0x0310	0x20E0      	CALL       _IntToStr
;MyProject.c,116 :: 		Lcd_Out(1,12, txt);
0x0311	0x3001      	MOVLW      1
0x0312	0x00D1      	MOVWF      FARG_Lcd_Out_row
0x0313	0x300C      	MOVLW      12
0x0314	0x00D2      	MOVWF      FARG_Lcd_Out_column
0x0315	0x30C2      	MOVLW      main_txt_L0
0x0316	0x00D3      	MOVWF      FARG_Lcd_Out_text
0x0317	0x214A      	CALL       _Lcd_Out
;MyProject.c,119 :: 		}
L_main23:
;MyProject.c,121 :: 		if (estado == 4) {  // Estado para disminuir la velocidad
0x0318	0x1683      	BSF        STATUS, 5
0x0319	0x0850      	MOVF       main_estado_L0, 0
0x031A	0x3A04      	XORLW      4
0x031B	0x1D03      	BTFSS      STATUS, 2
0x031C	0x2B47      	GOTO       L_main24
;MyProject.c,122 :: 		Lcd_Cmd(_LCD_CLEAR);
0x031D	0x3001      	MOVLW      1
0x031E	0x00DF      	MOVWF      FARG_Lcd_Cmd_out_char
0x031F	0x2037      	CALL       _Lcd_Cmd
;MyProject.c,123 :: 		Lcd_Out(2,1, "Velocidadlimite:60km");
0x0320	0x3002      	MOVLW      2
0x0321	0x1683      	BSF        STATUS, 5
0x0322	0x00D1      	MOVWF      FARG_Lcd_Out_row
0x0323	0x3001      	MOVLW      1
0x0324	0x00D2      	MOVWF      FARG_Lcd_Out_column
0x0325	0x3020      	MOVLW      ?lstr5_MyProject
0x0326	0x00D3      	MOVWF      FARG_Lcd_Out_text
0x0327	0x214A      	CALL       _Lcd_Out
;MyProject.c,124 :: 		Lcd_Out(3,1, "Decremento");
0x0328	0x3003      	MOVLW      3
0x0329	0x1683      	BSF        STATUS, 5
0x032A	0x00D1      	MOVWF      FARG_Lcd_Out_row
0x032B	0x3001      	MOVLW      1
0x032C	0x00D2      	MOVWF      FARG_Lcd_Out_column
0x032D	0x3041      	MOVLW      ?lstr6_MyProject
0x032E	0x00D3      	MOVWF      FARG_Lcd_Out_text
0x032F	0x214A      	CALL       _Lcd_Out
;MyProject.c,125 :: 		Lcd_Out(1,1, "Velocidad: ");
0x0330	0x3001      	MOVLW      1
0x0331	0x1683      	BSF        STATUS, 5
0x0332	0x00D1      	MOVWF      FARG_Lcd_Out_row
0x0333	0x3001      	MOVLW      1
0x0334	0x00D2      	MOVWF      FARG_Lcd_Out_column
0x0335	0x304C      	MOVLW      ?lstr7_MyProject
0x0336	0x00D3      	MOVWF      FARG_Lcd_Out_text
0x0337	0x214A      	CALL       _Lcd_Out
;MyProject.c,126 :: 		IntToStr(contador2, txt); //Paso de entero a String para luego mostrarlo en LCD
0x0338	0x1683      	BSF        STATUS, 5
0x0339	0x084E      	MOVF       main_contador2_L0, 0
0x033A	0x00D1      	MOVWF      FARG_IntToStr_input
0x033B	0x084F      	MOVF       main_contador2_L0+1, 0
0x033C	0x00D2      	MOVWF      FARG_IntToStr_input+1
0x033D	0x30C2      	MOVLW      main_txt_L0
0x033E	0x00D3      	MOVWF      FARG_IntToStr_output
0x033F	0x20E0      	CALL       _IntToStr
;MyProject.c,127 :: 		Lcd_Out(1,12, txt);
0x0340	0x3001      	MOVLW      1
0x0341	0x00D1      	MOVWF      FARG_Lcd_Out_row
0x0342	0x300C      	MOVLW      12
0x0343	0x00D2      	MOVWF      FARG_Lcd_Out_column
0x0344	0x30C2      	MOVLW      main_txt_L0
0x0345	0x00D3      	MOVWF      FARG_Lcd_Out_text
0x0346	0x214A      	CALL       _Lcd_Out
;MyProject.c,128 :: 		}
L_main24:
;MyProject.c,132 :: 		if(contador2 > 60){ // Condicion si la velocidad supera los 60km/h encienda led rojo
0x0347	0x3080      	MOVLW      128
0x0348	0x00F0      	MOVWF      R0
0x0349	0x3080      	MOVLW      128
0x034A	0x1683      	BSF        STATUS, 5
0x034B	0x064F      	XORWF      main_contador2_L0+1, 0
0x034C	0x0270      	SUBWF      R0, 0
0x034D	0x1D03      	BTFSS      STATUS, 2
0x034E	0x2B51      	GOTO       L__main35
0x034F	0x084E      	MOVF       main_contador2_L0, 0
0x0350	0x3C3C      	SUBLW      60
L__main35:
0x0351	0x1803      	BTFSC      STATUS, 0
0x0352	0x2B56      	GOTO       L_main25
;MyProject.c,133 :: 		PORTA.F3 =1;
0x0353	0x1283      	BCF        STATUS, 5
0x0354	0x1585      	BSF        PORTA, 3
;MyProject.c,134 :: 		}else{
0x0355	0x2B58      	GOTO       L_main26
L_main25:
0x0356	0x1283      	BCF        STATUS, 5
;MyProject.c,135 :: 		PORTA.F3 =0;
0x0357	0x1185      	BCF        PORTA, 3
;MyProject.c,136 :: 		}
L_main26:
;MyProject.c,139 :: 		}
0x0358	0x29FA      	GOTO       L_main0
;MyProject.c,140 :: 		}
L_end_main:
0x0359	0x2B59      	GOTO       $+0
; end of _main
0x03D8	0x3020      	MOVLW      32
0x03D9	0x0084      	MOVWF      FSR
0x03DA	0x304F      	MOVLW      79
0x03DB	0x1283      	BCF        STATUS, 5
0x03DC	0x1303      	BCF        STATUS, 6
0x03DD	0x00F0      	MOVWF      R0
0x03DE	0x305F      	MOVLW      95
0x03DF	0x1683      	BSF        STATUS, 5
0x03E0	0x00C0      	MOVWF      ___DoICPAddr
0x03E1	0x3003      	MOVLW      3
0x03E2	0x00C1      	MOVWF      193
0x03E3	0x218D      	CALL       397
0x03E4	0x30A0      	MOVLW      160
0x03E5	0x0084      	MOVWF      FSR
0x03E6	0x3020      	MOVLW      32
0x03E7	0x1283      	BCF        STATUS, 5
0x03E8	0x00F0      	MOVWF      R0
0x03E9	0x30AE      	MOVLW      174
0x03EA	0x1683      	BSF        STATUS, 5
0x03EB	0x00C0      	MOVWF      ___DoICPAddr
0x03EC	0x3003      	MOVLW      3
0x03ED	0x00C1      	MOVWF      193
0x03EE	0x218D      	CALL       397
0x03EF	0x0008      	RETURN
;MyProject.c,0 :: ?ICS?lstr5_MyProject
0x035F	0x3456 ;?ICS?lstr5_MyProject+0
0x0360	0x3465 ;?ICS?lstr5_MyProject+1
0x0361	0x346C ;?ICS?lstr5_MyProject+2
0x0362	0x346F ;?ICS?lstr5_MyProject+3
0x0363	0x3463 ;?ICS?lstr5_MyProject+4
0x0364	0x3469 ;?ICS?lstr5_MyProject+5
0x0365	0x3464 ;?ICS?lstr5_MyProject+6
0x0366	0x3461 ;?ICS?lstr5_MyProject+7
0x0367	0x3464 ;?ICS?lstr5_MyProject+8
0x0368	0x346C ;?ICS?lstr5_MyProject+9
0x0369	0x3469 ;?ICS?lstr5_MyProject+10
0x036A	0x346D ;?ICS?lstr5_MyProject+11
0x036B	0x3469 ;?ICS?lstr5_MyProject+12
0x036C	0x3474 ;?ICS?lstr5_MyProject+13
0x036D	0x3465 ;?ICS?lstr5_MyProject+14
0x036E	0x343A ;?ICS?lstr5_MyProject+15
0x036F	0x3436 ;?ICS?lstr5_MyProject+16
0x0370	0x3430 ;?ICS?lstr5_MyProject+17
0x0371	0x346B ;?ICS?lstr5_MyProject+18
0x0372	0x346D ;?ICS?lstr5_MyProject+19
0x0373	0x3400 ;?ICS?lstr5_MyProject+20
; end of ?ICS?lstr5_MyProject
;MyProject.c,0 :: ?ICS?lstr4_MyProject
0x0374	0x3456 ;?ICS?lstr4_MyProject+0
0x0375	0x3465 ;?ICS?lstr4_MyProject+1
0x0376	0x346C ;?ICS?lstr4_MyProject+2
0x0377	0x346F ;?ICS?lstr4_MyProject+3
0x0378	0x3463 ;?ICS?lstr4_MyProject+4
0x0379	0x3469 ;?ICS?lstr4_MyProject+5
0x037A	0x3464 ;?ICS?lstr4_MyProject+6
0x037B	0x3461 ;?ICS?lstr4_MyProject+7
0x037C	0x3464 ;?ICS?lstr4_MyProject+8
0x037D	0x343A ;?ICS?lstr4_MyProject+9
0x037E	0x3420 ;?ICS?lstr4_MyProject+10
0x037F	0x3400 ;?ICS?lstr4_MyProject+11
; end of ?ICS?lstr4_MyProject
;MyProject.c,0 :: ?ICS?lstr6_MyProject
0x0380	0x3444 ;?ICS?lstr6_MyProject+0
0x0381	0x3465 ;?ICS?lstr6_MyProject+1
0x0382	0x3463 ;?ICS?lstr6_MyProject+2
0x0383	0x3472 ;?ICS?lstr6_MyProject+3
0x0384	0x3465 ;?ICS?lstr6_MyProject+4
0x0385	0x346D ;?ICS?lstr6_MyProject+5
0x0386	0x3465 ;?ICS?lstr6_MyProject+6
0x0387	0x346E ;?ICS?lstr6_MyProject+7
0x0388	0x3474 ;?ICS?lstr6_MyProject+8
0x0389	0x346F ;?ICS?lstr6_MyProject+9
0x038A	0x3400 ;?ICS?lstr6_MyProject+10
; end of ?ICS?lstr6_MyProject
;MyProject.c,0 :: ?ICS?lstr7_MyProject
0x038B	0x3456 ;?ICS?lstr7_MyProject+0
0x038C	0x3465 ;?ICS?lstr7_MyProject+1
0x038D	0x346C ;?ICS?lstr7_MyProject+2
0x038E	0x346F ;?ICS?lstr7_MyProject+3
0x038F	0x3463 ;?ICS?lstr7_MyProject+4
0x0390	0x3469 ;?ICS?lstr7_MyProject+5
0x0391	0x3464 ;?ICS?lstr7_MyProject+6
0x0392	0x3461 ;?ICS?lstr7_MyProject+7
0x0393	0x3464 ;?ICS?lstr7_MyProject+8
0x0394	0x343A ;?ICS?lstr7_MyProject+9
0x0395	0x3420 ;?ICS?lstr7_MyProject+10
0x0396	0x3400 ;?ICS?lstr7_MyProject+11
; end of ?ICS?lstr7_MyProject
;MyProject.c,0 :: ?ICS?lstr1_MyProject
0x0397	0x3443 ;?ICS?lstr1_MyProject+0
0x0398	0x3441 ;?ICS?lstr1_MyProject+1
0x0399	0x344D ;?ICS?lstr1_MyProject+2
0x039A	0x3442 ;?ICS?lstr1_MyProject+3
0x039B	0x3449 ;?ICS?lstr1_MyProject+4
0x039C	0x3441 ;?ICS?lstr1_MyProject+5
0x039D	0x3452 ;?ICS?lstr1_MyProject+6
0x039E	0x3441 ;?ICS?lstr1_MyProject+7
0x039F	0x3420 ;?ICS?lstr1_MyProject+8
0x03A0	0x3445 ;?ICS?lstr1_MyProject+9
0x03A1	0x344E ;?ICS?lstr1_MyProject+10
0x03A2	0x3420 ;?ICS?lstr1_MyProject+11
0x03A3	0x344D ;?ICS?lstr1_MyProject+12
0x03A4	0x344F ;?ICS?lstr1_MyProject+13
0x03A5	0x3456 ;?ICS?lstr1_MyProject+14
0x03A6	0x3449 ;?ICS?lstr1_MyProject+15
0x03A7	0x344D ;?ICS?lstr1_MyProject+16
0x03A8	0x3449 ;?ICS?lstr1_MyProject+17
0x03A9	0x3445 ;?ICS?lstr1_MyProject+18
0x03AA	0x344E ;?ICS?lstr1_MyProject+19
0x03AB	0x3454 ;?ICS?lstr1_MyProject+20
0x03AC	0x344F ;?ICS?lstr1_MyProject+21
0x03AD	0x3400 ;?ICS?lstr1_MyProject+22
; end of ?ICS?lstr1_MyProject
;MyProject.c,0 :: ?ICS?lstr3_MyProject
0x03AE	0x3449 ;?ICS?lstr3_MyProject+0
0x03AF	0x346E ;?ICS?lstr3_MyProject+1
0x03B0	0x3463 ;?ICS?lstr3_MyProject+2
0x03B1	0x3472 ;?ICS?lstr3_MyProject+3
0x03B2	0x3465 ;?ICS?lstr3_MyProject+4
0x03B3	0x346D ;?ICS?lstr3_MyProject+5
0x03B4	0x3465 ;?ICS?lstr3_MyProject+6
0x03B5	0x346E ;?ICS?lstr3_MyProject+7
0x03B6	0x3474 ;?ICS?lstr3_MyProject+8
0x03B7	0x346F ;?ICS?lstr3_MyProject+9
0x03B8	0x3400 ;?ICS?lstr3_MyProject+10
; end of ?ICS?lstr3_MyProject
;MyProject.c,0 :: ?ICS?lstr2_MyProject
0x03B9	0x3456 ;?ICS?lstr2_MyProject+0
0x03BA	0x3465 ;?ICS?lstr2_MyProject+1
0x03BB	0x346C ;?ICS?lstr2_MyProject+2
0x03BC	0x346F ;?ICS?lstr2_MyProject+3
0x03BD	0x3463 ;?ICS?lstr2_MyProject+4
0x03BE	0x3469 ;?ICS?lstr2_MyProject+5
0x03BF	0x3464 ;?ICS?lstr2_MyProject+6
0x03C0	0x3461 ;?ICS?lstr2_MyProject+7
0x03C1	0x3464 ;?ICS?lstr2_MyProject+8
0x03C2	0x346C ;?ICS?lstr2_MyProject+9
0x03C3	0x3469 ;?ICS?lstr2_MyProject+10
0x03C4	0x346D ;?ICS?lstr2_MyProject+11
0x03C5	0x3469 ;?ICS?lstr2_MyProject+12
0x03C6	0x3474 ;?ICS?lstr2_MyProject+13
0x03C7	0x3465 ;?ICS?lstr2_MyProject+14
0x03C8	0x343A ;?ICS?lstr2_MyProject+15
0x03C9	0x3436 ;?ICS?lstr2_MyProject+16
0x03CA	0x3430 ;?ICS?lstr2_MyProject+17
0x03CB	0x346B ;?ICS?lstr2_MyProject+18
0x03CC	0x346D ;?ICS?lstr2_MyProject+19
0x03CD	0x3400 ;?ICS?lstr2_MyProject+20
; end of ?ICS?lstr2_MyProject
;MyProject.c,19 :: main_DIGITOS_L0
0x03CE	0x343F ;main_DIGITOS_L0+0
0x03CF	0x3406 ;main_DIGITOS_L0+1
0x03D0	0x345B ;main_DIGITOS_L0+2
0x03D1	0x344F ;main_DIGITOS_L0+3
0x03D2	0x3466 ;main_DIGITOS_L0+4
0x03D3	0x346D ;main_DIGITOS_L0+5
0x03D4	0x347D ;main_DIGITOS_L0+6
0x03D5	0x3407 ;main_DIGITOS_L0+7
0x03D6	0x347F ;main_DIGITOS_L0+8
0x03D7	0x346F ;main_DIGITOS_L0+9
; end of main_DIGITOS_L0
Symbol List:
//** Routines locations **
//ADDRESS    SIZE    PROCEDURE
//----------------------------------------------
0x0003       [3]    _Delay_1us
0x0006       [7]    _Delay_50us
0x000D      [13]    _Delay_5500us
0x001A      [29]    _Div_16X16_U
0x0037      [87]    _Lcd_Cmd
0x008E       [9]    _Lcd_Chr_CP
0x0097       [7]    _____DoICP
0x009E      [66]    _WordToStr
0x00E0     [106]    _IntToStr
0x014A      [67]    _Lcd_Out
0x018D      [12]    ___CC2DW
0x0199      [78]    _Lcd_Init
0x01E7     [370]    _main
//** Variables locations ** 
//ADDRESS    SIZE    VARIABLE
//----------------------------------------------
0x0000       [1]    INDF
0x0002       [1]    PCL
0x0003       [1]    STATUS
0x0004       [1]    FSR
0x0005       [1]    PORTA
0x0006       [1]    PORTB
0x0007       [1]    PORTC
0x0008       [0]    LCD_D5
0x0008       [0]    LCD_D7
0x0008       [0]    LCD_D6
0x0008       [0]    LCD_D4
0x0008       [0]    LCD_RS
0x0008       [0]    LCD_EN
0x0008       [0]    RD1_bit
0x0008       [0]    RD0_bit
0x0008       [0]    RD5_bit
0x0008       [0]    RD4_bit
0x0008       [0]    RD3_bit
0x0008       [0]    RD2_bit
0x000A       [1]    PCLATH
0x0020      [21]    ?lstr5_MyProject
0x0035      [12]    ?lstr4_MyProject
0x0041      [11]    ?lstr6_MyProject
0x004C      [12]    ?lstr7_MyProject
0x0058      [23]    ?lstr1_MyProject
0x006F       [0]    __Lib_Lcd_cmd_status
0x0070       [1]    R0
0x0071       [1]    R1
0x0072       [1]    R2
0x0073       [1]    R3
0x0074       [1]    R4
0x0075       [1]    R5
0x0076       [1]    R6
0x0077       [1]    R7
0x0078       [1]    R8
0x0079       [1]    R9
0x007A       [1]    R10
0x007B       [1]    R11
0x007C       [1]    R12
0x007D       [1]    R13
0x007E       [1]    R14
0x007F       [1]    R15
0x0085       [1]    TRISA
0x0086       [1]    TRISB
0x0087       [1]    TRISC
0x0088       [0]    LCD_D5_Direction
0x0088       [0]    LCD_D4_Direction
0x0088       [0]    LCD_D6_Direction
0x0088       [0]    LCD_RS_Direction
0x0088       [0]    LCD_EN_Direction
0x0088       [0]    LCD_D7_Direction
0x0088       [0]    TRISD0_bit
0x0088       [0]    TRISD5_bit
0x0088       [0]    TRISD4_bit
0x0088       [0]    TRISD1_bit
0x0088       [0]    TRISD2_bit
0x0088       [0]    TRISD3_bit
0x00A0      [11]    ?lstr3_MyProject
0x00AB      [21]    ?lstr2_MyProject
0x00C0       [2]    ___DoICPAddr
0x00C2       [6]    main_txt_L0
0x00C8       [4]    main_tiempoTranscurrido_L0
0x00CC       [1]    main_contador_L0
0x00CD       [1]    main_contador1_L0
0x00CE       [2]    main_contador2_L0
0x00D0       [1]    main_estado_L0
0x00D1       [2]    FARG_IntToStr_input
0x00D1       [1]    FARG_Lcd_Out_row
0x00D2       [1]    FARG_Lcd_Out_column
0x00D3       [1]    FARG_Lcd_Out_text
0x00D3       [1]    FARG_IntToStr_output
0x00D4       [1]    Lcd_Out_i_L0
0x00D4       [2]    IntToStr_i_L0
0x00D6       [2]    IntToStr_negative_L0
0x00D8       [2]    IntToStr_inword_L0
0x00DA       [2]    FARG_WordToStr_input
0x00DA       [1]    FARG_Lcd_Chr_CP_out_char
0x00DC       [1]    FARG_WordToStr_output
0x00DD       [1]    WordToStr_len_L0
0x00DE       [1]    FLOC__WordToStr
0x00DF       [1]    FARG_Lcd_Cmd_out_char
//** Constants locations ** 
//ADDRESS    SIZE    CONSTANT
//----------------------------------------------
0x035F      [21]    ?ICS?lstr5_MyProject
0x0374      [12]    ?ICS?lstr4_MyProject
0x0380      [11]    ?ICS?lstr6_MyProject
0x038B      [12]    ?ICS?lstr7_MyProject
0x0397      [23]    ?ICS?lstr1_MyProject
0x03AE      [11]    ?ICS?lstr3_MyProject
0x03B9      [21]    ?ICS?lstr2_MyProject
0x03CE      [10]    main_DIGITOS_L0
